[2016-04-27 16:37:00] myapp.INFO: Matched route "homepage". {"route_parameters":{"_controller":"Todo\\Controller\\TodoController::listAction","_route":"homepage"},"request_uri":"http://localhost:8000/"} []
[2016-04-27 16:37:00] myapp.INFO: > GET / [] []
[2016-04-27 16:37:02] myapp.INFO: < 200 [] []
[2016-04-27 16:53:27] myapp.INFO: Matched route "homepage". {"route_parameters":{"_controller":"Todo\\Controller\\TodoController::listAction","_route":"homepage"},"request_uri":"http://localhost:8000/"} []
[2016-04-27 16:53:27] myapp.INFO: > GET / [] []
[2016-04-27 16:53:28] myapp.INFO: < 200 [] []
[2016-04-27 16:59:52] myapp.INFO: Matched route "show_todo". {"route_parameters":{"_controller":"Todo\\Controller\\TodoController::showAction","id":"1","_route":"show_todo"},"request_uri":"http://localhost:8000/todo/1"} []
[2016-04-27 16:59:52] myapp.INFO: > GET /todo/1 [] []
[2016-04-27 16:59:52] myapp.INFO: < 200 [] []
[2016-04-27 17:01:00] myapp.INFO: Matched route "show_todo". {"route_parameters":{"_controller":"Todo\\Controller\\TodoController::showAction","id":"1","_route":"show_todo"},"request_uri":"http://localhost:8000/todo/1"} []
[2016-04-27 17:01:00] myapp.INFO: > GET /todo/1 [] []
[2016-04-27 17:02:16] myapp.INFO: Matched route "show_todo". {"route_parameters":{"_controller":"Todo\\Controller\\TodoController::showAction","id":"1","_route":"show_todo"},"request_uri":"http://localhost:8000/todo/1"} []
[2016-04-27 17:02:16] myapp.INFO: > GET /todo/1 [] []
[2016-04-27 17:03:45] myapp.INFO: Matched route "show_todo". {"route_parameters":{"_controller":"Todo\\Controller\\TodoController::showAction","id":"1","_route":"show_todo"},"request_uri":"http://localhost:8000/todo/1"} []
[2016-04-27 17:03:45] myapp.INFO: > GET /todo/1 [] []
[2016-04-27 17:06:01] myapp.INFO: Matched route "show_todo". {"route_parameters":{"_controller":"Todo\\Controller\\TodoController::showAction","id":"1","_route":"show_todo"},"request_uri":"http://localhost:8000/todo/1"} []
[2016-04-27 17:06:01] myapp.INFO: > GET /todo/1 [] []
[2016-04-27 17:06:01] myapp.CRITICAL: Twig_Error_Runtime: Method "is_done" for object "Todo\Entity\Task" does not exist in "show.html.twig" at line 5 (uncaught exception) at /home/achilleas/Projects/PHP/SilexTodo/vendor/twig/twig/lib/Twig/Template.php line 584 {"exception":"[object] (Twig_Error_Runtime(code: 0): Method \"is_done\" for object \"Todo\\Entity\\Task\" does not exist in \"show.html.twig\" at line 5 at /home/achilleas/Projects/PHP/SilexTodo/vendor/twig/twig/lib/Twig/Template.php:584)"} []
[2016-04-27 17:06:01] myapp.INFO: < 500 [] []
[2016-04-27 17:06:28] myapp.INFO: Matched route "show_todo". {"route_parameters":{"_controller":"Todo\\Controller\\TodoController::showAction","id":"1","_route":"show_todo"},"request_uri":"http://localhost:8000/todo/1"} []
[2016-04-27 17:06:28] myapp.INFO: > GET /todo/1 [] []
[2016-04-27 17:06:28] myapp.INFO: < 200 [] []
[2016-04-27 17:06:33] myapp.INFO: Matched route "show_todo". {"route_parameters":{"_controller":"Todo\\Controller\\TodoController::showAction","id":"2","_route":"show_todo"},"request_uri":"http://localhost:8000/todo/2"} []
[2016-04-27 17:06:33] myapp.INFO: > GET /todo/2 [] []
[2016-04-27 17:06:33] myapp.INFO: < 200 [] []
[2016-04-27 17:06:40] myapp.INFO: Matched route "homepage". {"route_parameters":{"_controller":"Todo\\Controller\\TodoController::listAction","_route":"homepage"},"request_uri":"http://localhost:8000/"} []
[2016-04-27 17:06:40] myapp.INFO: > GET / [] []
[2016-04-27 17:06:40] myapp.INFO: < 200 [] []
[2016-04-27 17:10:19] myapp.INFO: Matched route "homepage". {"route_parameters":{"_controller":"Todo\\Controller\\TodoController::listAction","_route":"homepage"},"request_uri":"http://localhost:8000/"} []
[2016-04-27 17:10:19] myapp.INFO: > GET / [] []
[2016-04-27 17:10:19] myapp.INFO: < 200 [] []
[2016-04-27 17:10:21] myapp.INFO: Matched route "show_todo". {"route_parameters":{"_controller":"Todo\\Controller\\TodoController::showAction","id":"2","_route":"show_todo"},"request_uri":"http://localhost:8000/todo/2"} []
[2016-04-27 17:10:21] myapp.INFO: > GET /todo/2 [] []
[2016-04-27 17:10:21] myapp.INFO: < 200 [] []
[2016-04-27 17:10:22] myapp.INFO: Matched route "homepage". {"route_parameters":{"_controller":"Todo\\Controller\\TodoController::listAction","_route":"homepage"},"request_uri":"http://localhost:8000/"} []
[2016-04-27 17:10:22] myapp.INFO: > GET / [] []
[2016-04-27 17:10:22] myapp.INFO: < 200 [] []
[2016-04-27 17:10:23] myapp.INFO: Matched route "show_todo". {"route_parameters":{"_controller":"Todo\\Controller\\TodoController::showAction","id":"5","_route":"show_todo"},"request_uri":"http://localhost:8000/todo/5"} []
[2016-04-27 17:10:23] myapp.INFO: > GET /todo/5 [] []
[2016-04-27 17:10:23] myapp.INFO: < 200 [] []
[2016-04-27 17:10:25] myapp.INFO: Matched route "homepage". {"route_parameters":{"_controller":"Todo\\Controller\\TodoController::listAction","_route":"homepage"},"request_uri":"http://localhost:8000/"} []
[2016-04-27 17:10:25] myapp.INFO: > GET / [] []
[2016-04-27 17:10:25] myapp.INFO: < 200 [] []
[2016-04-27 17:10:26] myapp.INFO: Matched route "show_todo". {"route_parameters":{"_controller":"Todo\\Controller\\TodoController::showAction","id":"6","_route":"show_todo"},"request_uri":"http://localhost:8000/todo/6"} []
[2016-04-27 17:10:26] myapp.INFO: > GET /todo/6 [] []
[2016-04-27 17:10:26] myapp.INFO: < 200 [] []
[2016-04-27 17:10:28] myapp.INFO: Matched route "homepage". {"route_parameters":{"_controller":"Todo\\Controller\\TodoController::listAction","_route":"homepage"},"request_uri":"http://localhost:8000/"} []
[2016-04-27 17:10:28] myapp.INFO: > GET / [] []
[2016-04-27 17:10:28] myapp.INFO: < 200 [] []
[2016-04-27 17:10:33] myapp.INFO: Matched route "homepage". {"route_parameters":{"_controller":"Todo\\Controller\\TodoController::listAction","_route":"homepage"},"request_uri":"http://localhost:8000/"} []
[2016-04-27 17:10:33] myapp.INFO: > POST / [] []
[2016-04-27 17:10:34] myapp.INFO: < 302 / [] []
[2016-04-27 17:10:34] myapp.INFO: Matched route "homepage". {"route_parameters":{"_controller":"Todo\\Controller\\TodoController::listAction","_route":"homepage"},"request_uri":"http://localhost:8000/"} []
[2016-04-27 17:10:34] myapp.INFO: > GET / [] []
[2016-04-27 17:10:34] myapp.INFO: < 200 [] []
[2016-04-27 17:10:36] myapp.INFO: Matched route "show_todo". {"route_parameters":{"_controller":"Todo\\Controller\\TodoController::showAction","id":"7","_route":"show_todo"},"request_uri":"http://localhost:8000/todo/7"} []
[2016-04-27 17:10:36] myapp.INFO: > GET /todo/7 [] []
[2016-04-27 17:10:36] myapp.INFO: < 200 [] []
[2016-04-27 17:10:39] myapp.INFO: Matched route "show_todo". {"route_parameters":{"_controller":"Todo\\Controller\\TodoController::showAction","id":"8","_route":"show_todo"},"request_uri":"http://localhost:8000/todo/8"} []
[2016-04-27 17:10:39] myapp.INFO: > GET /todo/8 [] []
[2016-04-27 17:10:39] myapp.INFO: < 200 [] []
[2016-04-27 17:10:42] myapp.INFO: Matched route "show_todo". {"route_parameters":{"_controller":"Todo\\Controller\\TodoController::showAction","id":"9","_route":"show_todo"},"request_uri":"http://localhost:8000/todo/9"} []
[2016-04-27 17:10:42] myapp.INFO: > GET /todo/9 [] []
[2016-04-27 17:10:42] myapp.INFO: < 200 [] []
[2016-04-27 17:11:29] myapp.INFO: Matched route "show_todo". {"route_parameters":{"_controller":"Todo\\Controller\\TodoController::showAction","id":"9","_route":"show_todo"},"request_uri":"http://localhost:8000/todo/9"} []
[2016-04-27 17:11:29] myapp.INFO: > GET /todo/9 [] []
[2016-04-27 17:11:29] myapp.INFO: < 200 [] []
[2016-04-27 17:11:33] myapp.INFO: Matched route "homepage". {"route_parameters":{"_controller":"Todo\\Controller\\TodoController::listAction","_route":"homepage"},"request_uri":"http://localhost:8000/"} []
[2016-04-27 17:11:33] myapp.INFO: > GET / [] []
[2016-04-27 17:11:33] myapp.INFO: < 200 [] []
[2016-04-27 17:11:35] myapp.INFO: Matched route "homepage". {"route_parameters":{"_controller":"Todo\\Controller\\TodoController::listAction","_route":"homepage"},"request_uri":"http://localhost:8000/"} []
[2016-04-27 17:11:35] myapp.INFO: > GET / [] []
[2016-04-27 17:11:35] myapp.INFO: < 200 [] []
[2016-04-27 17:14:00] myapp.INFO: Matched route "homepage". {"route_parameters":{"_controller":"Todo\\Controller\\TodoController::listAction","_route":"homepage"},"request_uri":"http://localhost:8000/"} []
[2016-04-27 17:14:00] myapp.INFO: > GET / [] []
[2016-04-27 17:14:01] myapp.INFO: < 200 [] []
